<?xml version="1.0" encoding="UTF-8"?>
<coverage generated="1519713796054" clover="3.2.0">
  <project timestamp="1519713796055" name="All files">
    <metrics statements="56" coveredstatements="46" conditionals="45" coveredconditionals="37" methods="26" coveredmethods="18" elements="127" coveredelements="101" complexity="0" loc="56" ncloc="56" packages="1" files="1" classes="1">
      <file name="index.js" path="/Users/loading/mycode/validatior/src/index.js">
        <metrics statements="56" coveredstatements="46" conditionals="45" coveredconditionals="37" methods="26" coveredmethods="18"/>
        <line num="3" count="3" type="stmt"/>
        <line num="4" count="3" type="stmt"/>
        <line num="14" count="12" type="stmt"/>
        <line num="16" count="12" type="cond" truecount="2" falsecount="0"/>
        <line num="17" count="12" type="cond" truecount="3" falsecount="1"/>
        <line num="18" count="0" type="stmt"/>
        <line num="20" count="12" type="cond" truecount="2" falsecount="0"/>
        <line num="21" count="2" type="stmt"/>
        <line num="23" count="12" type="cond" truecount="1" falsecount="1"/>
        <line num="24" count="0" type="stmt"/>
        <line num="26" count="0" type="cond" truecount="0" falsecount="2"/>
        <line num="27" count="0" type="stmt"/>
        <line num="29" count="0" type="stmt"/>
        <line num="34" count="0" type="cond" truecount="0" falsecount="2"/>
        <line num="38" count="12" type="stmt"/>
        <line num="39" count="22" type="cond" truecount="2" falsecount="0"/>
        <line num="40" count="22" type="stmt"/>
        <line num="42" count="22" type="stmt"/>
        <line num="43" count="18" type="stmt"/>
        <line num="47" count="1" type="stmt"/>
        <line num="51" count="12" type="stmt"/>
        <line num="52" count="12" type="stmt"/>
        <line num="54" count="4" type="cond" truecount="4" falsecount="0"/>
        <line num="57" count="3" type="stmt"/>
        <line num="60" count="8" type="cond" truecount="4" falsecount="0"/>
        <line num="63" count="8" type="stmt"/>
        <line num="69" count="2" type="stmt"/>
        <line num="70" count="2" type="stmt"/>
        <line num="71" count="2" type="stmt"/>
        <line num="72" count="2" type="cond" truecount="2" falsecount="0"/>
        <line num="73" count="4" type="stmt"/>
        <line num="78" count="4" type="stmt"/>
        <line num="84" count="2" type="stmt"/>
        <line num="86" count="4" type="stmt"/>
        <line num="87" count="2" type="stmt"/>
        <line num="88" count="2" type="stmt"/>
        <line num="93" count="2" type="stmt"/>
        <line num="94" count="2" type="cond" truecount="2" falsecount="0"/>
        <line num="100" count="9" type="cond" truecount="2" falsecount="0"/>
        <line num="101" count="4" type="stmt"/>
        <line num="105" count="5" type="cond" truecount="1" falsecount="1"/>
        <line num="107" count="9" type="stmt"/>
        <line num="111" count="0" type="stmt"/>
        <line num="115" count="0" type="stmt"/>
        <line num="119" count="19" type="stmt"/>
        <line num="120" count="19" type="stmt"/>
        <line num="121" count="19" type="cond" truecount="5" falsecount="0"/>
        <line num="122" count="12" type="stmt"/>
        <line num="123" count="12" type="cond" truecount="2" falsecount="0"/>
        <line num="127" count="19" type="stmt"/>
        <line num="133" count="19" type="stmt"/>
        <line num="134" count="10" type="stmt"/>
        <line num="136" count="9" type="stmt"/>
        <line num="137" count="9" type="stmt"/>
        <line num="143" count="0" type="stmt"/>
        <line num="150" count="0" type="stmt"/>
      </file>
    </metrics>
  </project>
</coverage>
