{"/Users/loading/mycode/validatior/src/index.js": {"path":"/Users/loading/mycode/validatior/src/index.js","statementMap":{"0":{"start":{"line":3,"column":4},"end":{"line":3,"column":28}},"1":{"start":{"line":4,"column":4},"end":{"line":4,"column":33}},"2":{"start":{"line":14,"column":17},"end":{"line":14,"column":19}},"3":{"start":{"line":16,"column":16},"end":{"line":16,"column":67}},"4":{"start":{"line":17,"column":4},"end":{"line":19,"column":5}},"5":{"start":{"line":18,"column":6},"end":{"line":18,"column":13}},"6":{"start":{"line":20,"column":4},"end":{"line":22,"column":5}},"7":{"start":{"line":21,"column":6},"end":{"line":21,"column":22}},"8":{"start":{"line":23,"column":4},"end":{"line":50,"column":5}},"9":{"start":{"line":24,"column":6},"end":{"line":36,"column":8}},"10":{"start":{"line":26,"column":29},"end":{"line":28,"column":11}},"11":{"start":{"line":27,"column":20},"end":{"line":27,"column":32}},"12":{"start":{"line":29,"column":10},"end":{"line":34,"column":72}},"13":{"start":{"line":34,"column":26},"end":{"line":34,"column":31}},"14":{"start":{"line":34,"column":65},"end":{"line":34,"column":70}},"15":{"start":{"line":38,"column":6},"end":{"line":49,"column":28}},"16":{"start":{"line":39,"column":27},"end":{"line":41,"column":9}},"17":{"start":{"line":40,"column":18},"end":{"line":40,"column":30}},"18":{"start":{"line":42,"column":8},"end":{"line":48,"column":10}},"19":{"start":{"line":43,"column":16},"end":{"line":43,"column":76}},"20":{"start":{"line":47,"column":16},"end":{"line":47,"column":76}},"21":{"start":{"line":51,"column":4},"end":{"line":51,"column":49}},"22":{"start":{"line":52,"column":4},"end":{"line":65,"column":6}},"23":{"start":{"line":54,"column":8},"end":{"line":56,"column":34}},"24":{"start":{"line":57,"column":8},"end":{"line":57,"column":21}},"25":{"start":{"line":60,"column":8},"end":{"line":62,"column":34}},"26":{"start":{"line":63,"column":8},"end":{"line":63,"column":37}},"27":{"start":{"line":69,"column":19},"end":{"line":69,"column":24}},"28":{"start":{"line":70,"column":19},"end":{"line":70,"column":21}},"29":{"start":{"line":71,"column":21},"end":{"line":71,"column":23}},"30":{"start":{"line":72,"column":4},"end":{"line":83,"column":7}},"31":{"start":{"line":73,"column":6},"end":{"line":82,"column":8}},"32":{"start":{"line":78,"column":12},"end":{"line":78,"column":38}},"33":{"start":{"line":84,"column":4},"end":{"line":96,"column":6}},"34":{"start":{"line":86,"column":8},"end":{"line":89,"column":10}},"35":{"start":{"line":87,"column":10},"end":{"line":87,"column":26}},"36":{"start":{"line":88,"column":10},"end":{"line":88,"column":19}},"37":{"start":{"line":93,"column":8},"end":{"line":93,"column":36}},"38":{"start":{"line":94,"column":8},"end":{"line":94,"column":58}},"39":{"start":{"line":100,"column":4},"end":{"line":106,"column":5}},"40":{"start":{"line":101,"column":6},"end":{"line":103,"column":8}},"41":{"start":{"line":105,"column":6},"end":{"line":105,"column":51}},"42":{"start":{"line":107,"column":4},"end":{"line":107,"column":18}},"43":{"start":{"line":111,"column":4},"end":{"line":111,"column":36}},"44":{"start":{"line":115,"column":4},"end":{"line":115,"column":28}},"45":{"start":{"line":119,"column":21},"end":{"line":119,"column":46}},"46":{"start":{"line":120,"column":18},"end":{"line":120,"column":22}},"47":{"start":{"line":121,"column":4},"end":{"line":126,"column":5}},"48":{"start":{"line":122,"column":6},"end":{"line":122,"column":22}},"49":{"start":{"line":123,"column":6},"end":{"line":125,"column":37}},"50":{"start":{"line":127,"column":17},"end":{"line":132,"column":5}},"51":{"start":{"line":133,"column":4},"end":{"line":139,"column":6}},"52":{"start":{"line":134,"column":22},"end":{"line":134,"column":59}},"53":{"start":{"line":136,"column":8},"end":{"line":136,"column":86}},"54":{"start":{"line":137,"column":8},"end":{"line":137,"column":69}},"55":{"start":{"line":143,"column":4},"end":{"line":146,"column":6}},"56":{"start":{"line":150,"column":4},"end":{"line":150,"column":34}}},"fnMap":{"0":{"name":"(anonymous_0)","decl":{"start":{"line":2,"column":2},"end":{"line":2,"column":3}},"loc":{"start":{"line":2,"column":26},"end":{"line":5,"column":3}},"line":2},"1":{"name":"(anonymous_1)","decl":{"start":{"line":7,"column":2},"end":{"line":7,"column":3}},"loc":{"start":{"line":13,"column":4},"end":{"line":66,"column":3}},"line":13},"2":{"name":"(anonymous_2)","decl":{"start":{"line":25,"column":18},"end":{"line":25,"column":19}},"loc":{"start":{"line":25,"column":26},"end":{"line":35,"column":9}},"line":25},"3":{"name":"(anonymous_3)","decl":{"start":{"line":27,"column":12},"end":{"line":27,"column":13}},"loc":{"start":{"line":27,"column":20},"end":{"line":27,"column":32}},"line":27},"4":{"name":"(anonymous_4)","decl":{"start":{"line":34,"column":17},"end":{"line":34,"column":18}},"loc":{"start":{"line":34,"column":26},"end":{"line":34,"column":31}},"line":34},"5":{"name":"(anonymous_5)","decl":{"start":{"line":34,"column":56},"end":{"line":34,"column":57}},"loc":{"start":{"line":34,"column":65},"end":{"line":34,"column":70}},"line":34},"6":{"name":"(anonymous_6)","decl":{"start":{"line":38,"column":34},"end":{"line":38,"column":35}},"loc":{"start":{"line":38,"column":51},"end":{"line":49,"column":7}},"line":38},"7":{"name":"(anonymous_7)","decl":{"start":{"line":40,"column":10},"end":{"line":40,"column":11}},"loc":{"start":{"line":40,"column":18},"end":{"line":40,"column":30}},"line":40},"8":{"name":"(anonymous_8)","decl":{"start":{"line":43,"column":10},"end":{"line":43,"column":11}},"loc":{"start":{"line":43,"column":16},"end":{"line":43,"column":76}},"line":43},"9":{"name":"(anonymous_9)","decl":{"start":{"line":46,"column":14},"end":{"line":46,"column":15}},"loc":{"start":{"line":47,"column":16},"end":{"line":47,"column":76}},"line":47},"10":{"name":"(anonymous_10)","decl":{"start":{"line":53,"column":6},"end":{"line":53,"column":7}},"loc":{"start":{"line":53,"column":15},"end":{"line":58,"column":7}},"line":53},"11":{"name":"(anonymous_11)","decl":{"start":{"line":59,"column":6},"end":{"line":59,"column":7}},"loc":{"start":{"line":59,"column":15},"end":{"line":64,"column":7}},"line":59},"12":{"name":"(anonymous_12)","decl":{"start":{"line":68,"column":2},"end":{"line":68,"column":3}},"loc":{"start":{"line":68,"column":58},"end":{"line":97,"column":3}},"line":68},"13":{"name":"(anonymous_13)","decl":{"start":{"line":72,"column":60},"end":{"line":72,"column":61}},"loc":{"start":{"line":72,"column":68},"end":{"line":83,"column":5}},"line":72},"14":{"name":"(anonymous_14)","decl":{"start":{"line":77,"column":10},"end":{"line":77,"column":11}},"loc":{"start":{"line":77,"column":24},"end":{"line":79,"column":11}},"line":77},"15":{"name":"(anonymous_15)","decl":{"start":{"line":85,"column":19},"end":{"line":85,"column":20}},"loc":{"start":{"line":86,"column":8},"end":{"line":89,"column":10}},"line":86},"16":{"name":"(anonymous_16)","decl":{"start":{"line":86,"column":16},"end":{"line":86,"column":17}},"loc":{"start":{"line":86,"column":21},"end":{"line":89,"column":9}},"line":86},"17":{"name":"(anonymous_17)","decl":{"start":{"line":92,"column":6},"end":{"line":92,"column":7}},"loc":{"start":{"line":92,"column":12},"end":{"line":95,"column":7}},"line":92},"18":{"name":"(anonymous_18)","decl":{"start":{"line":99,"column":2},"end":{"line":99,"column":3}},"loc":{"start":{"line":99,"column":56},"end":{"line":108,"column":3}},"line":99},"19":{"name":"(anonymous_19)","decl":{"start":{"line":110,"column":2},"end":{"line":110,"column":3}},"loc":{"start":{"line":110,"column":19},"end":{"line":112,"column":3}},"line":110},"20":{"name":"(anonymous_20)","decl":{"start":{"line":114,"column":2},"end":{"line":114,"column":3}},"loc":{"start":{"line":114,"column":14},"end":{"line":116,"column":3}},"line":114},"21":{"name":"(anonymous_21)","decl":{"start":{"line":118,"column":23},"end":{"line":118,"column":24}},"loc":{"start":{"line":118,"column":60},"end":{"line":140,"column":3}},"line":118},"22":{"name":"(anonymous_22)","decl":{"start":{"line":134,"column":6},"end":{"line":134,"column":7}},"loc":{"start":{"line":134,"column":22},"end":{"line":134,"column":59}},"line":134},"23":{"name":"(anonymous_23)","decl":{"start":{"line":135,"column":6},"end":{"line":135,"column":7}},"loc":{"start":{"line":135,"column":22},"end":{"line":138,"column":7}},"line":135},"24":{"name":"(anonymous_24)","decl":{"start":{"line":142,"column":2},"end":{"line":142,"column":3}},"loc":{"start":{"line":142,"column":22},"end":{"line":147,"column":3}},"line":142},"25":{"name":"(anonymous_25)","decl":{"start":{"line":149,"column":2},"end":{"line":149,"column":3}},"loc":{"start":{"line":149,"column":23},"end":{"line":151,"column":3}},"line":149}},"branchMap":{"0":{"loc":{"start":{"line":11,"column":4},"end":{"line":11,"column":59}},"type":"default-arg","locations":[{"start":{"line":11,"column":14},"end":{"line":11,"column":59}}],"line":11},"1":{"loc":{"start":{"line":16,"column":16},"end":{"line":16,"column":67}},"type":"binary-expr","locations":[{"start":{"line":16,"column":16},"end":{"line":16,"column":37}},{"start":{"line":16,"column":41},"end":{"line":16,"column":67}}],"line":16},"2":{"loc":{"start":{"line":17,"column":4},"end":{"line":19,"column":5}},"type":"if","locations":[{"start":{"line":17,"column":4},"end":{"line":19,"column":5}},{"start":{"line":17,"column":4},"end":{"line":19,"column":5}}],"line":17},"3":{"loc":{"start":{"line":17,"column":8},"end":{"line":17,"column":34}},"type":"binary-expr","locations":[{"start":{"line":17,"column":8},"end":{"line":17,"column":14}},{"start":{"line":17,"column":18},"end":{"line":17,"column":34}}],"line":17},"4":{"loc":{"start":{"line":20,"column":4},"end":{"line":22,"column":5}},"type":"if","locations":[{"start":{"line":20,"column":4},"end":{"line":22,"column":5}},{"start":{"line":20,"column":4},"end":{"line":22,"column":5}}],"line":20},"5":{"loc":{"start":{"line":23,"column":4},"end":{"line":50,"column":5}},"type":"if","locations":[{"start":{"line":23,"column":4},"end":{"line":50,"column":5}},{"start":{"line":23,"column":4},"end":{"line":50,"column":5}}],"line":23},"6":{"loc":{"start":{"line":26,"column":45},"end":{"line":26,"column":60}},"type":"binary-expr","locations":[{"start":{"line":26,"column":45},"end":{"line":26,"column":54}},{"start":{"line":26,"column":58},"end":{"line":26,"column":60}}],"line":26},"7":{"loc":{"start":{"line":34,"column":33},"end":{"line":34,"column":70}},"type":"cond-expr","locations":[{"start":{"line":34,"column":49},"end":{"line":34,"column":53}},{"start":{"line":34,"column":56},"end":{"line":34,"column":70}}],"line":34},"8":{"loc":{"start":{"line":39,"column":43},"end":{"line":39,"column":58}},"type":"binary-expr","locations":[{"start":{"line":39,"column":43},"end":{"line":39,"column":52}},{"start":{"line":39,"column":56},"end":{"line":39,"column":58}}],"line":39},"9":{"loc":{"start":{"line":44,"column":10},"end":{"line":47,"column":76}},"type":"cond-expr","locations":[{"start":{"line":45,"column":14},"end":{"line":45,"column":18}},{"start":{"line":46,"column":14},"end":{"line":47,"column":76}}],"line":44},"10":{"loc":{"start":{"line":54,"column":8},"end":{"line":56,"column":33}},"type":"binary-expr","locations":[{"start":{"line":54,"column":9},"end":{"line":54,"column":23}},{"start":{"line":54,"column":27},"end":{"line":54,"column":73}},{"start":{"line":55,"column":10},"end":{"line":55,"column":18}},{"start":{"line":56,"column":10},"end":{"line":56,"column":33}}],"line":54},"11":{"loc":{"start":{"line":60,"column":8},"end":{"line":62,"column":33}},"type":"binary-expr","locations":[{"start":{"line":60,"column":9},"end":{"line":60,"column":23}},{"start":{"line":60,"column":27},"end":{"line":60,"column":73}},{"start":{"line":61,"column":10},"end":{"line":61,"column":18}},{"start":{"line":62,"column":10},"end":{"line":62,"column":33}}],"line":60},"12":{"loc":{"start":{"line":68,"column":44},"end":{"line":68,"column":56}},"type":"default-arg","locations":[{"start":{"line":68,"column":54},"end":{"line":68,"column":56}}],"line":68},"13":{"loc":{"start":{"line":72,"column":5},"end":{"line":72,"column":50}},"type":"binary-expr","locations":[{"start":{"line":72,"column":5},"end":{"line":72,"column":18}},{"start":{"line":72,"column":22},"end":{"line":72,"column":50}}],"line":72},"14":{"loc":{"start":{"line":94,"column":15},"end":{"line":94,"column":57}},"type":"cond-expr","locations":[{"start":{"line":94,"column":26},"end":{"line":94,"column":48}},{"start":{"line":94,"column":51},"end":{"line":94,"column":57}}],"line":94},"15":{"loc":{"start":{"line":100,"column":4},"end":{"line":106,"column":5}},"type":"if","locations":[{"start":{"line":100,"column":4},"end":{"line":106,"column":5}},{"start":{"line":100,"column":4},"end":{"line":106,"column":5}}],"line":100},"16":{"loc":{"start":{"line":102,"column":11},"end":{"line":102,"column":55}},"type":"binary-expr","locations":[{"start":{"line":102,"column":11},"end":{"line":102,"column":43}},{"start":{"line":102,"column":47},"end":{"line":102,"column":55}}],"line":102},"17":{"loc":{"start":{"line":105,"column":21},"end":{"line":105,"column":40}},"type":"binary-expr","locations":[{"start":{"line":105,"column":21},"end":{"line":105,"column":28}},{"start":{"line":105,"column":32},"end":{"line":105,"column":40}}],"line":105},"18":{"loc":{"start":{"line":121,"column":4},"end":{"line":126,"column":5}},"type":"if","locations":[{"start":{"line":121,"column":4},"end":{"line":126,"column":5}},{"start":{"line":121,"column":4},"end":{"line":126,"column":5}}],"line":121},"19":{"loc":{"start":{"line":121,"column":8},"end":{"line":121,"column":60}},"type":"binary-expr","locations":[{"start":{"line":121,"column":8},"end":{"line":121,"column":19}},{"start":{"line":121,"column":23},"end":{"line":121,"column":39}},{"start":{"line":121,"column":43},"end":{"line":121,"column":60}}],"line":121},"20":{"loc":{"start":{"line":123,"column":19},"end":{"line":125,"column":36}},"type":"cond-expr","locations":[{"start":{"line":124,"column":10},"end":{"line":124,"column":37}},{"start":{"line":125,"column":10},"end":{"line":125,"column":36}}],"line":123}},"s":{"0":3,"1":3,"2":12,"3":12,"4":12,"5":0,"6":12,"7":2,"8":12,"9":0,"10":0,"11":0,"12":0,"13":0,"14":0,"15":12,"16":22,"17":22,"18":22,"19":18,"20":1,"21":12,"22":12,"23":4,"24":3,"25":8,"26":8,"27":2,"28":2,"29":2,"30":2,"31":4,"32":4,"33":2,"34":4,"35":2,"36":2,"37":2,"38":2,"39":9,"40":4,"41":5,"42":9,"43":0,"44":0,"45":19,"46":19,"47":19,"48":12,"49":12,"50":19,"51":19,"52":10,"53":9,"54":9,"55":0,"56":0},"f":{"0":3,"1":12,"2":0,"3":0,"4":0,"5":0,"6":22,"7":22,"8":18,"9":1,"10":4,"11":8,"12":2,"13":4,"14":4,"15":4,"16":2,"17":2,"18":9,"19":0,"20":0,"21":19,"22":10,"23":9,"24":0,"25":0},"b":{"0":[6],"1":[12,12],"2":[0,12],"3":[12,12],"4":[2,10],"5":[0,12],"6":[0,0],"7":[0,0],"8":[22,22],"9":[14,8],"10":[4,2,4,3],"11":[8,5,7,5],"12":[2],"13":[2,2],"14":[1,1],"15":[4,5],"16":[4,0],"17":[5,0],"18":[12,7],"19":[19,14,7],"20":[7,5]},"_coverageSchema":"332fd63041d2c1bcb487cc26dd0d5f7d97098a6c","hash":"2c0fc394c3fb6d54952f68655848c473901c59b4"}
}
