TN:
SF:/Users/loading/mycode/validatior/src/index.js
FN:2,(anonymous_0)
FN:7,(anonymous_1)
FN:25,(anonymous_2)
FN:27,(anonymous_3)
FN:34,(anonymous_4)
FN:34,(anonymous_5)
FN:38,(anonymous_6)
FN:40,(anonymous_7)
FN:43,(anonymous_8)
FN:46,(anonymous_9)
FN:53,(anonymous_10)
FN:59,(anonymous_11)
FN:68,(anonymous_12)
FN:72,(anonymous_13)
FN:77,(anonymous_14)
FN:85,(anonymous_15)
FN:86,(anonymous_16)
FN:92,(anonymous_17)
FN:99,(anonymous_18)
FN:110,(anonymous_19)
FN:114,(anonymous_20)
FN:118,(anonymous_21)
FN:134,(anonymous_22)
FN:135,(anonymous_23)
FN:142,(anonymous_24)
FN:149,(anonymous_25)
FNF:26
FNH:18
FNDA:3,(anonymous_0)
FNDA:12,(anonymous_1)
FNDA:0,(anonymous_2)
FNDA:0,(anonymous_3)
FNDA:0,(anonymous_4)
FNDA:0,(anonymous_5)
FNDA:22,(anonymous_6)
FNDA:22,(anonymous_7)
FNDA:18,(anonymous_8)
FNDA:1,(anonymous_9)
FNDA:4,(anonymous_10)
FNDA:8,(anonymous_11)
FNDA:2,(anonymous_12)
FNDA:4,(anonymous_13)
FNDA:4,(anonymous_14)
FNDA:4,(anonymous_15)
FNDA:2,(anonymous_16)
FNDA:2,(anonymous_17)
FNDA:9,(anonymous_18)
FNDA:0,(anonymous_19)
FNDA:0,(anonymous_20)
FNDA:19,(anonymous_21)
FNDA:10,(anonymous_22)
FNDA:9,(anonymous_23)
FNDA:0,(anonymous_24)
FNDA:0,(anonymous_25)
DA:3,3
DA:4,3
DA:14,12
DA:16,12
DA:17,12
DA:18,0
DA:20,12
DA:21,2
DA:23,12
DA:24,0
DA:26,0
DA:27,0
DA:29,0
DA:34,0
DA:38,12
DA:39,22
DA:40,22
DA:42,22
DA:43,18
DA:47,1
DA:51,12
DA:52,12
DA:54,4
DA:57,3
DA:60,8
DA:63,8
DA:69,2
DA:70,2
DA:71,2
DA:72,2
DA:73,4
DA:78,4
DA:84,2
DA:86,4
DA:87,2
DA:88,2
DA:93,2
DA:94,2
DA:100,9
DA:101,4
DA:105,5
DA:107,9
DA:111,0
DA:115,0
DA:119,19
DA:120,19
DA:121,19
DA:122,12
DA:123,12
DA:127,19
DA:133,19
DA:134,10
DA:136,9
DA:137,9
DA:143,0
DA:150,0
LF:56
LH:46
BRDA:11,0,0,6
BRDA:16,1,0,12
BRDA:16,1,1,12
BRDA:17,2,0,0
BRDA:17,2,1,12
BRDA:17,3,0,12
BRDA:17,3,1,12
BRDA:20,4,0,2
BRDA:20,4,1,10
BRDA:23,5,0,0
BRDA:23,5,1,12
BRDA:26,6,0,0
BRDA:26,6,1,0
BRDA:34,7,0,0
BRDA:34,7,1,0
BRDA:39,8,0,22
BRDA:39,8,1,22
BRDA:44,9,0,14
BRDA:44,9,1,8
BRDA:54,10,0,4
BRDA:54,10,1,2
BRDA:54,10,2,4
BRDA:54,10,3,3
BRDA:60,11,0,8
BRDA:60,11,1,5
BRDA:60,11,2,7
BRDA:60,11,3,5
BRDA:68,12,0,2
BRDA:72,13,0,2
BRDA:72,13,1,2
BRDA:94,14,0,1
BRDA:94,14,1,1
BRDA:100,15,0,4
BRDA:100,15,1,5
BRDA:102,16,0,4
BRDA:102,16,1,0
BRDA:105,17,0,5
BRDA:105,17,1,0
BRDA:121,18,0,12
BRDA:121,18,1,7
BRDA:121,19,0,19
BRDA:121,19,1,14
BRDA:121,19,2,7
BRDA:123,20,0,7
BRDA:123,20,1,5
BRF:45
BRH:37
end_of_record
